<?xml version="1.0" encoding="UTF-8"?>
<testng-results ignored="0" total="6" passed="6" failed="0" skipped="0">
  <reporter-output>
  </reporter-output>
  <suite started-at="2025-03-06T02:32:00 IST" name="DemoQA Test Suite" finished-at="2025-03-06T02:32:58 IST" duration-ms="57376">
    <groups>
    </groups>
    <test started-at="2025-03-06T02:32:00 IST" name="DemoQA Tests" finished-at="2025-03-06T02:32:58 IST" duration-ms="57376">
      <class name="appsuite.DemoQASuite">
        <test-method is-config="true" signature="setUp()[pri:0, instance:appsuite.DemoQASuite@7b98f307]" started-at="2025-03-06T02:32:00 IST" name="setUp" finished-at="2025-03-06T02:32:00 IST" duration-ms="220" status="PASS">
          <reporter-output>
          </reporter-output>
        </test-method> <!-- setUp -->
        <test-method is-config="true" signature="setUpDriver()[pri:0, instance:appsuite.DemoQASuite@7b98f307]" started-at="2025-03-06T02:32:00 IST" name="setUpDriver" finished-at="2025-03-06T02:32:10 IST" duration-ms="10081" status="PASS">
          <reporter-output>
          </reporter-output>
        </test-method> <!-- setUpDriver -->
        <test-method is-config="true" signature="before(org.testng.ITestResult)[pri:0, instance:appsuite.DemoQASuite@7b98f307]" started-at="2025-03-06T02:32:10 IST" name="before" finished-at="2025-03-06T02:32:10 IST" duration-ms="12" status="PASS">
          <params>
            <param index="0">
              <value>
                <![CDATA[[TestResult name={null} status=CREATED method=DemoQASuite.navigateToForm()[pri:0, instance:appsuite.DemoQASuite@7b98f307] output={null}]]]>
              </value>
            </param>
          </params>
          <reporter-output>
          </reporter-output>
        </test-method> <!-- before -->
        <test-method signature="navigateToForm()[pri:0, instance:appsuite.DemoQASuite@7b98f307]" started-at="2025-03-06T02:32:10 IST" name="navigateToForm" finished-at="2025-03-06T02:32:19 IST" duration-ms="8273" status="PASS">
          <reporter-output>
          </reporter-output>
        </test-method> <!-- navigateToForm -->
        <test-method is-config="true" signature="before(org.testng.ITestResult)[pri:0, instance:appsuite.DemoQASuite@7b98f307]" started-at="2025-03-06T02:32:20 IST" name="before" finished-at="2025-03-06T02:32:20 IST" duration-ms="1" status="PASS">
          <params>
            <param index="0">
              <value>
                <![CDATA[[TestResult name={null} status=CREATED method=DemoQASuite.enterFormDataAndSave(java.lang.String,java.lang.String,java.lang.String,java.lang.String,java.lang.String,java.lang.String)[pri:1, instance:appsuite.DemoQASuite@7b98f307] output={null}]]]>
              </value>
            </param>
          </params>
          <reporter-output>
          </reporter-output>
        </test-method> <!-- before -->
        <test-method signature="enterFormDataAndSave(java.lang.String,java.lang.String,java.lang.String,java.lang.String,java.lang.String,java.lang.String)[pri:1, instance:appsuite.DemoQASuite@7b98f307]" started-at="2025-03-06T02:32:20 IST" name="enterFormDataAndSave" data-provider="userData" finished-at="2025-03-06T02:32:28 IST" depends-on-methods="appsuite.DemoQASuite.navigateToForm" duration-ms="8144" status="PASS">
          <params>
            <param index="0">
              <value>
                <![CDATA[Siddh]]>
              </value>
            </param>
            <param index="1">
              <value>
                <![CDATA[Patel]]>
              </value>
            </param>
            <param index="2">
              <value>
                <![CDATA[Siddh@gmail.com]]>
              </value>
            </param>
            <param index="3">
              <value>
                <![CDATA[Male]]>
              </value>
            </param>
            <param index="4">
              <value>
                <![CDATA[Java]]>
              </value>
            </param>
            <param index="5">
              <value>
                <![CDATA[Ahmedabad]]>
              </value>
            </param>
          </params>
          <reporter-output>
          </reporter-output>
        </test-method> <!-- enterFormDataAndSave -->
        <test-method is-config="true" signature="before(org.testng.ITestResult)[pri:0, instance:appsuite.DemoQASuite@7b98f307]" started-at="2025-03-06T02:32:28 IST" name="before" finished-at="2025-03-06T02:32:28 IST" duration-ms="2" status="PASS">
          <params>
            <param index="0">
              <value>
                <![CDATA[[TestResult name={null} status=CREATED method=DemoQASuite.enterFormDataAndSave(java.lang.String,java.lang.String,java.lang.String,java.lang.String,java.lang.String,java.lang.String)[pri:1, instance:appsuite.DemoQASuite@7b98f307] output={null}]]]>
              </value>
            </param>
          </params>
          <reporter-output>
          </reporter-output>
        </test-method> <!-- before -->
        <test-method signature="enterFormDataAndSave(java.lang.String,java.lang.String,java.lang.String,java.lang.String,java.lang.String,java.lang.String)[pri:1, instance:appsuite.DemoQASuite@7b98f307]" started-at="2025-03-06T02:32:28 IST" name="enterFormDataAndSave" data-provider="userData" finished-at="2025-03-06T02:32:36 IST" depends-on-methods="appsuite.DemoQASuite.navigateToForm" duration-ms="8135" status="PASS">
          <params>
            <param index="0">
              <value>
                <![CDATA[Sid]]>
              </value>
            </param>
            <param index="1">
              <value>
                <![CDATA[Patel]]>
              </value>
            </param>
            <param index="2">
              <value>
                <![CDATA[sid@gmail.com]]>
              </value>
            </param>
            <param index="3">
              <value>
                <![CDATA[Male]]>
              </value>
            </param>
            <param index="4">
              <value>
                <![CDATA[Selenium]]>
              </value>
            </param>
            <param index="5">
              <value>
                <![CDATA[Gujarat]]>
              </value>
            </param>
          </params>
          <reporter-output>
          </reporter-output>
        </test-method> <!-- enterFormDataAndSave -->
        <test-method is-config="true" signature="before(org.testng.ITestResult)[pri:0, instance:appsuite.DemoQASuite@7b98f307]" started-at="2025-03-06T02:32:36 IST" name="before" finished-at="2025-03-06T02:32:36 IST" duration-ms="2" status="PASS">
          <params>
            <param index="0">
              <value>
                <![CDATA[[TestResult name={null} status=CREATED method=DemoQASuite.handleAlert()[pri:2, instance:appsuite.DemoQASuite@7b98f307] output={null}]]]>
              </value>
            </param>
          </params>
          <reporter-output>
          </reporter-output>
        </test-method> <!-- before -->
        <test-method signature="handleAlert()[pri:2, instance:appsuite.DemoQASuite@7b98f307]" started-at="2025-03-06T02:32:36 IST" name="handleAlert" finished-at="2025-03-06T02:32:49 IST" duration-ms="12459" status="PASS">
          <reporter-output>
          </reporter-output>
        </test-method> <!-- handleAlert -->
        <test-method is-config="true" signature="before(org.testng.ITestResult)[pri:0, instance:appsuite.DemoQASuite@7b98f307]" started-at="2025-03-06T02:32:49 IST" name="before" finished-at="2025-03-06T02:32:49 IST" duration-ms="2" status="PASS">
          <params>
            <param index="0">
              <value>
                <![CDATA[[TestResult name={null} status=CREATED method=DemoQASuite.handleFrames()[pri:3, instance:appsuite.DemoQASuite@7b98f307] output={null}]]]>
              </value>
            </param>
          </params>
          <reporter-output>
          </reporter-output>
        </test-method> <!-- before -->
        <test-method signature="handleFrames()[pri:3, instance:appsuite.DemoQASuite@7b98f307]" started-at="2025-03-06T02:32:49 IST" name="handleFrames" finished-at="2025-03-06T02:32:53 IST" duration-ms="4776" status="PASS">
          <reporter-output>
          </reporter-output>
        </test-method> <!-- handleFrames -->
        <test-method is-config="true" signature="before(org.testng.ITestResult)[pri:0, instance:appsuite.DemoQASuite@7b98f307]" started-at="2025-03-06T02:32:53 IST" name="before" finished-at="2025-03-06T02:32:53 IST" duration-ms="2" status="PASS">
          <params>
            <param index="0">
              <value>
                <![CDATA[[TestResult name={null} status=CREATED method=DemoQASuite.handleWindows()[pri:4, instance:appsuite.DemoQASuite@7b98f307] output={null}]]]>
              </value>
            </param>
          </params>
          <reporter-output>
          </reporter-output>
        </test-method> <!-- before -->
        <test-method signature="handleWindows()[pri:4, instance:appsuite.DemoQASuite@7b98f307]" started-at="2025-03-06T02:32:53 IST" name="handleWindows" finished-at="2025-03-06T02:32:58 IST" duration-ms="4294" status="PASS">
          <reporter-output>
          </reporter-output>
        </test-method> <!-- handleWindows -->
        <test-method is-config="true" signature="tearDown()[pri:0, instance:appsuite.DemoQASuite@7b98f307]" started-at="2025-03-06T02:32:58 IST" name="tearDown" finished-at="2025-03-06T02:32:59 IST" duration-ms="883" status="PASS">
          <reporter-output>
          </reporter-output>
        </test-method> <!-- tearDown -->
      </class> <!-- appsuite.DemoQASuite -->
    </test> <!-- DemoQA Tests -->
  </suite> <!-- DemoQA Test Suite -->
</testng-results>
