<?xml version="1.0" encoding="UTF-8"?>
<testsuite xmlns:xsi="http://www.w3.org/2001/XMLSchema-instance" xsi:noNamespaceSchemaLocation="https://maven.apache.org/surefire/maven-surefire-plugin/xsd/surefire-test-report-3.0.xsd" version="3.0" name="TestSuite" time="59.18" tests="6" errors="0" skipped="0" failures="0">
  <properties>
[...]
</properties>
  <testcase name="navigateToForm" classname="appsuite.DemoQASuite" time="8.263">
    <system-err><![CDATA[SLF4J(W): No SLF4J providers were found.
SLF4J(W): Defaulting to no-operation (NOP) logger implementation
SLF4J(W): See https://www.slf4j.org/codes.html#noProviders for further details.
SLF4J(W): Class path contains SLF4J bindings targeting slf4j-api versions 1.7.x or earlier.
SLF4J(W): Ignoring binding found at [jar:file:/C:/Users/Hp/.m2/repository/ch/qos/logback/logback-classic/1.2.3/logback-classic-1.2.3.jar!/org/slf4j/impl/StaticLoggerBinder.class]
SLF4J(W): Ignoring binding found at [jar:file:/C:/Users/Hp/.m2/repository/org/apache/logging/log4j/log4j-slf4j-impl/2.14.1/log4j-slf4j-impl-2.14.1.jar!/org/slf4j/impl/StaticLoggerBinder.class]
SLF4J(W): See https://www.slf4j.org/codes.html#ignoredBindings for an explanation.
Mar 06, 2025 2:32:02 AM org.openqa.selenium.devtools.CdpVersionFinder findNearestMatch
WARNING: Unable to find an exact match for CDP version 134, returning the closest version; found: 133; Please update to a Selenium version that supports CDP version 134
]]></system-err>
  </testcase>
  <testcase name="enterFormDataAndSave[Siddh, Patel, Siddh@gmail.com, Male, Java, Ahmedabad](1)" classname="appsuite.DemoQASuite" time="8.145"/>
  <testcase name="enterFormDataAndSave[Sid, Patel, sid@gmail.com, Male, Selenium, Gujarat](2)" classname="appsuite.DemoQASuite" time="8.136"/>
  <testcase name="handleAlert" classname="appsuite.DemoQASuite" time="12.463">
    <system-out><![CDATA[Alert Text: You clicked a button
Confirm Alert Text: Do you confirm action?
Prompt Alert Text: Please enter your name
]]></system-out>
  </testcase>
  <testcase name="handleFrames" classname="appsuite.DemoQASuite" time="4.781">
    <system-out><![CDATA[Frame 1 Text: This is a sample page
Frame 2 Text: This is a sample page
]]></system-out>
  </testcase>
  <testcase name="handleWindows" classname="appsuite.DemoQASuite" time="4.307">
    <system-out><![CDATA[New Tab Text: This is a sample page
Exception in click(): element click intercepted: Element <button id="windowButton" type="button" class="mt-4 btn btn-primary">...</button> is not clickable at point (462, 353). Other element would receive the click: <iframe frameborder="0" src="https://7239feeb80d8ad197d01955223d1d221.safeframe.googlesyndication.com/safeframe/1-0-41/html/container.html" id="google_ads_iframe_/21849154601,22343295815/Ad.Plus-300x250_0" title="3rd party ad content" name="" scrolling="no" marginwidth="0" marginheight="0" width="" height="" data-is-safeframe="true" sandbox="allow-forms allow-popups allow-popups-to-escape-sandbox allow-same-origin allow-scripts allow-top-navigation-by-user-activation" allow="private-state-token-redemption;attribution-reporting;autoplay" aria-label="Advertisement" tabindex="0" data-google-container-id="2" data-load-complete="true" style="border: 0px !important; vertical-align: bottom !important; width: 100vw !important; height: 100vh !important; inset: 0px auto auto 0px !important; position: absolute !important; clear: none !important; display: inline !important; float: none !important; margin: 0px !important; max-height: none !important; max-width: none !important; opacity: 1 !important; overflow: visible !important; padding: 0px !important; visibility: visible !important; z-index: auto !important;"></iframe>
  (Session info: chrome=134.0.6998.36)
Build info: version: '4.29.0', revision: '5fc1ec94cb'
System info: os.name: 'Windows 10', os.arch: 'amd64', os.version: '10.0', java.version: '22.0.2'
Driver info: org.openqa.selenium.chrome.ChromeDriver
Command: [38c5d70798b92f1e4032f3f7e65b1002, clickElement {id=f.675C84C964C72E5C8785FB63C38B46B3.d.AFB4E57D26B92EF135373FC524CBFFF1.e.147}]
Capabilities {acceptInsecureCerts: false, browserName: chrome, browserVersion: 134.0.6998.36, chrome: {chromedriverVersion: 133.0.6943.141 (2a5d6da0d61..., userDataDir: C:\Users\Hp\AppData\Local\T...}, fedcm:accounts: true, goog:chromeOptions: {debuggerAddress: localhost:61330}, networkConnectionEnabled: false, pageLoadStrategy: normal, platformName: windows, proxy: Proxy(), se:cdp: ws://localhost:61330/devtoo..., se:cdpVersion: 134.0.6998.36, setWindowRect: true, strictFileInteractability: false, timeouts: {implicit: 0, pageLoad: 300000, script: 30000}, unhandledPromptBehavior: dismiss and notify, webauthn:extension:credBlob: true, webauthn:extension:largeBlob: true, webauthn:extension:minPinLength: true, webauthn:extension:prf: true, webauthn:virtualAuthenticators: true}
Element: [[ChromeDriver: chrome on windows (38c5d70798b92f1e4032f3f7e65b1002)] -> id: windowButton]
Session ID: 38c5d70798b92f1e4032f3f7e65b1002
]]></system-out>
  </testcase>
</testsuite>