<?xml version="1.0" encoding="UTF-8"?>
<!-- Generated by org.testng.reporters.JUnitXMLReporter -->
<testsuite ignored="0" hostname="DESKTOP-NFLH6O9" failures="0" tests="6" name="DemoQA Tests" time="57.376" errors="0" timestamp="2025-03-06T02:32:58 IST">
  <testcase classname="appsuite.DemoQASuite" name="navigateToForm" time="8.273"/>
  <testcase classname="appsuite.DemoQASuite" name="enterFormDataAndSave" time="8.144"/>
  <testcase classname="appsuite.DemoQASuite" name="enterFormDataAndSave" time="8.135"/>
  <testcase classname="appsuite.DemoQASuite" name="handleAlert" time="12.459"/>
  <testcase classname="appsuite.DemoQASuite" name="handleFrames" time="4.776"/>
  <testcase classname="appsuite.DemoQASuite" name="handleWindows" time="4.294"/>
</testsuite> <!-- DemoQA Tests -->
